d:\temp\pi\aulaspi\aula 6 -arrays\debug\vc142.pdb
d:\temp\pi\aulaspi\aula 6 -arrays\debug\vc142.idb
d:\temp\pi\aulaspi\aula 6 -arrays\debug\strings.obj
d:\temp\pi\aulaspi\aula 6 -arrays\debug\funcoes.obj
d:\temp\pi\aulaspi\aula 6 -arrays\debug\aula.obj
d:\temp\pi\aulaspi\aula 6 -arrays\debug\aula 6 - arrays.ilk
d:\temp\pi\debug\aula 6 - arrays.exe
d:\temp\pi\debug\aula 6 - arrays.pdb
d:\temp\pi\aula 6 -arrays\debug\aula.obj
d:\temp\pi\aula 6 -arrays\debug\funcoes.obj
d:\temp\pi\aula 6 -arrays\debug\strings.obj
d:\temp\pi\aula 6 -arrays\debug\aula 6 - arrays.ilk
d:\temp\pi\aula 6 -arrays\debug\vc142.idb
d:\temp\pi\aula 6 -arrays\debug\vc142.pdb
d:\temp\pi\aula 6 -arrays\debug\aula 6 - arrays.tlog\cl.command.1.tlog
d:\temp\pi\aula 6 -arrays\debug\aula 6 - arrays.tlog\cl.read.1.tlog
d:\temp\pi\aula 6 -arrays\debug\aula 6 - arrays.tlog\cl.write.1.tlog
d:\temp\pi\aula 6 -arrays\debug\aula 6 - arrays.tlog\link.command.1.tlog
d:\temp\pi\aula 6 -arrays\debug\aula 6 - arrays.tlog\link.read.1.tlog
d:\temp\pi\aula 6 -arrays\debug\aula 6 - arrays.tlog\link.write.1.tlog
