d:\temp\pi\aulaspi\aulas ficheiros\aula 8 - ficheiros binarios\debug\vc142.pdb
d:\temp\pi\aulaspi\aulas ficheiros\aula 8 - ficheiros binarios\debug\vc142.idb
d:\temp\pi\aulaspi\aulas ficheiros\aula 8 - ficheiros binarios\debug\exemplo-ficheiro-bin-tamanho.obj
d:\temp\pi\aulaspi\aulas ficheiros\aula 8 - ficheiros binarios\debug\exemplo-ficheiro-bin-posicao.obj
d:\temp\pi\aulaspi\aulas ficheiros\aula 8 - ficheiros binarios\debug\exemplo-ficheiro-bin-leitura.obj
d:\temp\pi\aulaspi\aulas ficheiros\aula 8 - ficheiros binarios\debug\exemplo-ficheiro-bin-escrita.obj
d:\temp\pi\aulaspi\aulas ficheiros\aula 8 - ficheiros binarios\debug\aula 8 - ficheiros binarios.ilk
d:\temp\pi\debug\aula 8 - ficheiros binarios.exe
d:\temp\pi\debug\aula 8 - ficheiros binarios.pdb
d:\temp\pi\aulas ficheiros\aula 8 - ficheiros binarios\debug\exemplo-ficheiro-bin-escrita.obj
d:\temp\pi\aulas ficheiros\aula 8 - ficheiros binarios\debug\exemplo-ficheiro-bin-leitura.obj
d:\temp\pi\aulas ficheiros\aula 8 - ficheiros binarios\debug\exemplo-ficheiro-bin-posicao.obj
d:\temp\pi\aulas ficheiros\aula 8 - ficheiros binarios\debug\exemplo-ficheiro-bin-tamanho.obj
d:\temp\pi\aulas ficheiros\aula 8 - ficheiros binarios\debug\aula 8 - ficheiros binarios.ilk
d:\temp\pi\aulas ficheiros\aula 8 - ficheiros binarios\debug\vc142.idb
d:\temp\pi\aulas ficheiros\aula 8 - ficheiros binarios\debug\vc142.pdb
d:\temp\pi\aulas ficheiros\aula 8 - ficheiros binarios\debug\aula 8 -.fcab2c0a.tlog\cl.command.1.tlog
d:\temp\pi\aulas ficheiros\aula 8 - ficheiros binarios\debug\aula 8 -.fcab2c0a.tlog\cl.read.1.tlog
d:\temp\pi\aulas ficheiros\aula 8 - ficheiros binarios\debug\aula 8 -.fcab2c0a.tlog\cl.write.1.tlog
d:\temp\pi\aulas ficheiros\aula 8 - ficheiros binarios\debug\aula 8 -.fcab2c0a.tlog\link.command.1.tlog
d:\temp\pi\aulas ficheiros\aula 8 - ficheiros binarios\debug\aula 8 -.fcab2c0a.tlog\link.read.1.tlog
d:\temp\pi\aulas ficheiros\aula 8 - ficheiros binarios\debug\aula 8 -.fcab2c0a.tlog\link.write.1.tlog
