d:\temp\pi\aulaspi\aula 3\debug\vc142.pdb
d:\temp\pi\aulaspi\aula 3\debug\vc142.idb
d:\temp\pi\aulaspi\aula 3\debug\scanf.obj
d:\temp\pi\aulaspi\aula 3\debug\revisao.obj
d:\temp\pi\aulaspi\aula 3\debug\printf.obj
d:\temp\pi\aulaspi\aula 3\debug\funcoesc.obj
d:\temp\pi\aulaspi\aula 3\debug\aula 3 - input-output.ilk
d:\temp\pi\debug\aula 3 - input-output.exe
d:\temp\pi\debug\aula 3 - input-output.pdb
d:\temp\pi\aula 3\debug\funcoesc.obj
d:\temp\pi\aula 3\debug\printf.obj
d:\temp\pi\aula 3\debug\revisao.obj
d:\temp\pi\aula 3\debug\scanf.obj
d:\temp\pi\aula 3\debug\aula 3 - input-output.ilk
d:\temp\pi\aula 3\debug\vc142.idb
d:\temp\pi\aula 3\debug\vc142.pdb
d:\temp\pi\aula 3\debug\aula 3 -.a628a264.tlog\cl.command.1.tlog
d:\temp\pi\aula 3\debug\aula 3 -.a628a264.tlog\cl.read.1.tlog
d:\temp\pi\aula 3\debug\aula 3 -.a628a264.tlog\cl.write.1.tlog
d:\temp\pi\aula 3\debug\aula 3 -.a628a264.tlog\link.command.1.tlog
d:\temp\pi\aula 3\debug\aula 3 -.a628a264.tlog\link.read.1.tlog
d:\temp\pi\aula 3\debug\aula 3 -.a628a264.tlog\link.write.1.tlog
