d:\temp\pi\aulaspi\aulas ficheiros\aula 8 - ficheiros\debug\vc142.pdb
d:\temp\pi\aulaspi\aulas ficheiros\aula 8 - ficheiros\debug\vc142.idb
d:\temp\pi\aulaspi\aulas ficheiros\aula 8 - ficheiros\debug\ficheirostextoc-exercicio03.obj
d:\temp\pi\aulaspi\aulas ficheiros\aula 8 - ficheiros\debug\ficheirostextoc-exercicio02_a.obj
d:\temp\pi\aulaspi\aulas ficheiros\aula 8 - ficheiros\debug\ficheirostextoc-exercicio01_a.obj
d:\temp\pi\aulaspi\aulas ficheiros\aula 8 - ficheiros\debug\ficheiros.obj
d:\temp\pi\aulaspi\aulas ficheiros\aula 8 - ficheiros\debug\aula 8 - ficheiros texto.ilk
d:\temp\pi\debug\aula 8 - ficheiros texto.exe
d:\temp\pi\debug\aula 8 - ficheiros texto.pdb
d:\temp\pi\aulas ficheiros\aula 8 - ficheiros\debug\ficheiros.obj
d:\temp\pi\aulas ficheiros\aula 8 - ficheiros\debug\ficheirostextoc-exercicio01_a.obj
d:\temp\pi\aulas ficheiros\aula 8 - ficheiros\debug\ficheirostextoc-exercicio02_a.obj
d:\temp\pi\aulas ficheiros\aula 8 - ficheiros\debug\ficheirostextoc-exercicio03.obj
d:\temp\pi\aulas ficheiros\aula 8 - ficheiros\debug\aula 8 - ficheiros texto.ilk
d:\temp\pi\aulas ficheiros\aula 8 - ficheiros\debug\vc142.idb
d:\temp\pi\aulas ficheiros\aula 8 - ficheiros\debug\vc142.pdb
d:\temp\pi\aulas ficheiros\aula 8 - ficheiros\debug\aula 8 -.910aea4f.tlog\cl.command.1.tlog
d:\temp\pi\aulas ficheiros\aula 8 - ficheiros\debug\aula 8 -.910aea4f.tlog\cl.read.1.tlog
d:\temp\pi\aulas ficheiros\aula 8 - ficheiros\debug\aula 8 -.910aea4f.tlog\cl.write.1.tlog
d:\temp\pi\aulas ficheiros\aula 8 - ficheiros\debug\aula 8 -.910aea4f.tlog\link.command.1.tlog
d:\temp\pi\aulas ficheiros\aula 8 - ficheiros\debug\aula 8 -.910aea4f.tlog\link.read.1.tlog
d:\temp\pi\aulas ficheiros\aula 8 - ficheiros\debug\aula 8 -.910aea4f.tlog\link.write.1.tlog
