d:\temp\pi\aulaspi\aulas ficheiros\aula 8 - ficheiros ii\debug\vc142.pdb
d:\temp\pi\aulaspi\aulas ficheiros\aula 8 - ficheiros ii\debug\vc142.idb
d:\temp\pi\aulaspi\aulas ficheiros\aula 8 - ficheiros ii\debug\menu.obj
d:\temp\pi\aulaspi\aulas ficheiros\aula 8 - ficheiros ii\debug\main.obj
d:\temp\pi\aulaspi\aulas ficheiros\aula 8 - ficheiros ii\debug\inscricao.obj
d:\temp\pi\aulaspi\aulas ficheiros\aula 8 - ficheiros ii\debug\aula 8  - ficheiros.ilk
d:\temp\pi\debug\aula 8  - ficheiros.exe
d:\temp\pi\debug\aula 8  - ficheiros.pdb
d:\temp\pi\aulas ficheiros\aula 8 - ficheiros ii\debug\inscricao.obj
d:\temp\pi\aulas ficheiros\aula 8 - ficheiros ii\debug\main.obj
d:\temp\pi\aulas ficheiros\aula 8 - ficheiros ii\debug\menu.obj
d:\temp\pi\aulas ficheiros\aula 8 - ficheiros ii\debug\aula 8  - ficheiros.ilk
d:\temp\pi\aulas ficheiros\aula 8 - ficheiros ii\debug\vc142.idb
d:\temp\pi\aulas ficheiros\aula 8 - ficheiros ii\debug\vc142.pdb
d:\temp\pi\aulas ficheiros\aula 8 - ficheiros ii\debug\aula 8  .c33280ea.tlog\cl.command.1.tlog
d:\temp\pi\aulas ficheiros\aula 8 - ficheiros ii\debug\aula 8  .c33280ea.tlog\cl.read.1.tlog
d:\temp\pi\aulas ficheiros\aula 8 - ficheiros ii\debug\aula 8  .c33280ea.tlog\cl.write.1.tlog
d:\temp\pi\aulas ficheiros\aula 8 - ficheiros ii\debug\aula 8  .c33280ea.tlog\link.command.1.tlog
d:\temp\pi\aulas ficheiros\aula 8 - ficheiros ii\debug\aula 8  .c33280ea.tlog\link.read.1.tlog
d:\temp\pi\aulas ficheiros\aula 8 - ficheiros ii\debug\aula 8  .c33280ea.tlog\link.write.1.tlog
